<?xml version="1.0" encoding="utf-8"?><testsuites name="pytest tests"><testsuite name="pytest" errors="0" failures="0" skipped="0" tests="38" time="145.794" timestamp="2026-02-20T18:07:12.169689+00:00" hostname="agent-env-b0aa36c2-f133-42d5-8f21-ce26b0cf3552"><testcase classname="backend.tests.test_finance_api.TestHealthAndDashboard" name="test_api_root" time="0.350" /><testcase classname="backend.tests.test_finance_api.TestHealthAndDashboard" name="test_dashboard_data" time="0.215" /><testcase classname="backend.tests.test_finance_api.TestBudgetPlanner" name="test_create_budget" time="0.409" /><testcase classname="backend.tests.test_finance_api.TestBudgetPlanner" name="test_get_budgets" time="0.142" /><testcase classname="backend.tests.test_finance_api.TestBudgetPlanner" name="test_get_budgets_by_month" time="0.129" /><testcase classname="backend.tests.test_finance_api.TestBudgetPlanner" name="test_budget_summary" time="0.138" /><testcase classname="backend.tests.test_finance_api.TestBudgetPlanner" name="test_delete_budget" time="0.662" /><testcase classname="backend.tests.test_finance_api.TestFinancialGoals" name="test_create_goal" time="0.440" /><testcase classname="backend.tests.test_finance_api.TestFinancialGoals" name="test_get_goals" time="0.216" /><testcase classname="backend.tests.test_finance_api.TestFinancialGoals" name="test_add_contribution_to_goal" time="0.693" /><testcase classname="backend.tests.test_finance_api.TestFinancialGoals" name="test_goal_progress_tracking" time="0.428" /><testcase classname="backend.tests.test_finance_api.TestTransactions" name="test_create_transaction" time="0.294" /><testcase classname="backend.tests.test_finance_api.TestTransactions" name="test_get_transactions" time="0.129" /><testcase classname="backend.tests.test_finance_api.TestTransactions" name="test_get_transactions_with_filters" time="0.183" /><testcase classname="backend.tests.test_finance_api.TestTransactions" name="test_transaction_stats" time="0.120" /><testcase classname="backend.tests.test_finance_api.TestTransactions" name="test_delete_transaction" time="0.270" /><testcase classname="backend.tests.test_finance_api.TestTransactions" name="test_credit_card_transaction_creates_debt" time="0.619" /><testcase classname="backend.tests.test_finance_api.TestBills" name="test_create_bill" time="0.270" /><testcase classname="backend.tests.test_finance_api.TestBills" name="test_get_bills" time="0.120" /><testcase classname="backend.tests.test_finance_api.TestBills" name="test_mark_bill_as_paid" time="0.694" /><testcase classname="backend.tests.test_finance_api.TestBills" name="test_get_bill_payments" time="0.403" /><testcase classname="backend.tests.test_finance_api.TestBills" name="test_delete_bill" time="0.317" /><testcase classname="backend.tests.test_finance_api.TestDebts" name="test_create_debt" time="0.339" /><testcase classname="backend.tests.test_finance_api.TestDebts" name="test_get_debts" time="0.183" /><testcase classname="backend.tests.test_finance_api.TestDebts" name="test_update_debt" time="0.612" /><testcase classname="backend.tests.test_finance_api.TestDebts" name="test_delete_debt" time="0.354" /><testcase classname="backend.tests.test_finance_api.TestDebts" name="test_debt_ratios_via_balance_sheet" time="0.155" /><testcase classname="backend.tests.test_finance_api.TestAccounts" name="test_create_account" time="0.297" /><testcase classname="backend.tests.test_finance_api.TestAccounts" name="test_get_accounts" time="0.116" /><testcase classname="backend.tests.test_finance_api.TestAccounts" name="test_delete_account" time="0.294" /><testcase classname="backend.tests.test_finance_api.TestAnalytics" name="test_monthly_analytics" time="0.123" /><testcase classname="backend.tests.test_finance_api.TestAnalytics" name="test_category_analytics" time="0.109" /><testcase classname="backend.tests.test_finance_api.TestAnalytics" name="test_balance_sheet" time="0.136" /><testcase classname="backend.tests.test_finance_api.TestInvestments" name="test_get_investments_legacy" time="0.137" /><testcase classname="backend.tests.test_finance_api.TestInvestments" name="test_get_stocks" time="0.149" /><testcase classname="backend.tests.test_finance_api.TestInvestments" name="test_get_deposits" time="0.154" /><testcase classname="backend.tests.test_finance_api.TestInvestments" name="test_get_gold" time="135.016" /><testcase classname="backend.tests.test_finance_api.TestInvestments" name="test_get_mutual_funds" time="0.173" /></testsuite></testsuites>