<?xml version="1.0" encoding="utf-8"?><testsuites name="pytest tests"><testsuite name="pytest" errors="0" failures="2" skipped="0" tests="38" time="11.157" timestamp="2026-02-20T18:05:45.485253+00:00" hostname="agent-env-b0aa36c2-f133-42d5-8f21-ce26b0cf3552"><testcase classname="backend.tests.test_finance_api.TestHealthAndDashboard" name="test_api_root" time="0.339" /><testcase classname="backend.tests.test_finance_api.TestHealthAndDashboard" name="test_dashboard_data" time="0.272" /><testcase classname="backend.tests.test_finance_api.TestBudgetPlanner" name="test_create_budget" time="0.366" /><testcase classname="backend.tests.test_finance_api.TestBudgetPlanner" name="test_get_budgets" time="0.156" /><testcase classname="backend.tests.test_finance_api.TestBudgetPlanner" name="test_get_budgets_by_month" time="0.127" /><testcase classname="backend.tests.test_finance_api.TestBudgetPlanner" name="test_budget_summary" time="0.159" /><testcase classname="backend.tests.test_finance_api.TestBudgetPlanner" name="test_delete_budget" time="0.622" /><testcase classname="backend.tests.test_finance_api.TestFinancialGoals" name="test_create_goal" time="0.439" /><testcase classname="backend.tests.test_finance_api.TestFinancialGoals" name="test_get_goals" time="0.127" /><testcase classname="backend.tests.test_finance_api.TestFinancialGoals" name="test_add_contribution_to_goal" time="0.604" /><testcase classname="backend.tests.test_finance_api.TestFinancialGoals" name="test_goal_progress_tracking" time="0.469" /><testcase classname="backend.tests.test_finance_api.TestTransactions" name="test_create_transaction" time="0.407" /><testcase classname="backend.tests.test_finance_api.TestTransactions" name="test_get_transactions" time="0.166" /><testcase classname="backend.tests.test_finance_api.TestTransactions" name="test_get_transactions_with_filters" time="0.161" /><testcase classname="backend.tests.test_finance_api.TestTransactions" name="test_transaction_stats" time="0.165" /><testcase classname="backend.tests.test_finance_api.TestTransactions" name="test_delete_transaction" time="0.256" /><testcase classname="backend.tests.test_finance_api.TestTransactions" name="test_credit_card_transaction_creates_debt" time="0.121"><failure message="assert 520 == 200&#10; +  where 520 = &lt;Response [520]&gt;.status_code">backend/tests/test_finance_api.py:364: in test_credit_card_transaction_creates_debt
    assert response.status_code == 200
E   assert 520 == 200
E    +  where 520 = &lt;Response [520]&gt;.status_code</failure></testcase><testcase classname="backend.tests.test_finance_api.TestBills" name="test_create_bill" time="0.493" /><testcase classname="backend.tests.test_finance_api.TestBills" name="test_get_bills" time="0.203" /><testcase classname="backend.tests.test_finance_api.TestBills" name="test_mark_bill_as_paid" time="1.020" /><testcase classname="backend.tests.test_finance_api.TestBills" name="test_get_bill_payments" time="0.279" /><testcase classname="backend.tests.test_finance_api.TestBills" name="test_delete_bill" time="0.310" /><testcase classname="backend.tests.test_finance_api.TestDebts" name="test_create_debt" time="0.245" /><testcase classname="backend.tests.test_finance_api.TestDebts" name="test_get_debts" time="0.221" /><testcase classname="backend.tests.test_finance_api.TestDebts" name="test_update_debt" time="0.406" /><testcase classname="backend.tests.test_finance_api.TestDebts" name="test_delete_debt" time="0.366" /><testcase classname="backend.tests.test_finance_api.TestDebts" name="test_debt_ratios" time="0.149"><failure message="assert 404 == 200&#10; +  where 404 = &lt;Response [404]&gt;.status_code">backend/tests/test_finance_api.py:601: in test_debt_ratios
    assert response.status_code == 200
E   assert 404 == 200
E    +  where 404 = &lt;Response [404]&gt;.status_code</failure></testcase><testcase classname="backend.tests.test_finance_api.TestAccounts" name="test_create_account" time="0.308" /><testcase classname="backend.tests.test_finance_api.TestAccounts" name="test_get_accounts" time="0.115" /><testcase classname="backend.tests.test_finance_api.TestAccounts" name="test_delete_account" time="0.332" /><testcase classname="backend.tests.test_finance_api.TestAnalytics" name="test_monthly_analytics" time="0.166" /><testcase classname="backend.tests.test_finance_api.TestAnalytics" name="test_category_analytics" time="0.157" /><testcase classname="backend.tests.test_finance_api.TestAnalytics" name="test_balance_sheet" time="0.140" /><testcase classname="backend.tests.test_finance_api.TestInvestments" name="test_get_investments_legacy" time="0.204" /><testcase classname="backend.tests.test_finance_api.TestInvestments" name="test_get_stocks" time="0.171" /><testcase classname="backend.tests.test_finance_api.TestInvestments" name="test_get_deposits" time="0.183" /><testcase classname="backend.tests.test_finance_api.TestInvestments" name="test_get_gold" time="0.239" /><testcase classname="backend.tests.test_finance_api.TestInvestments" name="test_get_mutual_funds" time="0.124" /></testsuite></testsuites>